已經開始建置於 2013/11/25 上午 04:50:00。
     1>節點 2 (build 目標) 上的專案 "D:\研究生活\張元翔 數位影像處理\HW\Homework3\HW3_Filtering in the Frequency domain\HW3_Part1_Fourier Series\HW3_Part1_Fourier Series\HW3_Part1_Fourier Series.vcxproj"。
     1>InitializeBuildStatus:
         由於指定了 "AlwaysCreate"，因此正在建立 "Debug\HW3_Part1_Fourier Series.unsuccessfulbuild"。
       ClCompile:
         d:\program files\Microsoft Visual Studio2010\VC\bin\CL.exe /c /ZI /nologo /W3 /WX- /Od /Oy- /D _MBCS /Gm /EHsc /RTC1 /MDd /GS /fp:precise /Zc:wchar_t /Zc:forScope /Fo"Debug\\" /Fd"Debug\vc100.pdb" /Gd /TP /analyze- /errorReport:prompt "Fourier Series.cpp"
         Fourier Series.cpp
     1>d:\program files\opencv2.4.6\build\include\opencv2\flann\dist.h : warning C4819: 檔案含有無法在目前字碼頁 (950) 中表示的字元。請以 Unicode 格式儲存檔案以防止資料遺失
     1>d:\program files\opencv2.4.6\build\include\opencv2\flann\dist.h : warning C4819: 檔案含有無法在目前字碼頁 (950) 中表示的字元。請以 Unicode 格式儲存檔案以防止資料遺失
     1>d:\program files\opencv2.4.6\build\include\opencv2\flann\logger.h(66): warning C4996: 'fopen': This function or variable may be unsafe. Consider using fopen_s instead. To disable deprecation, use _CRT_SECURE_NO_WARNINGS. See online help for details.
                 d:\program files\microsoft visual studio2010\vc\include\stdio.h(234) : 請參閱 'fopen' 的宣告
     1>d:\program files\opencv2.4.6\build\include\opencv2\flann\dist.h : warning C4819: 檔案含有無法在目前字碼頁 (950) 中表示的字元。請以 Unicode 格式儲存檔案以防止資料遺失
     1>d:\program files\opencv2.4.6\build\include\opencv2\flann\dist.h : warning C4819: 檔案含有無法在目前字碼頁 (950) 中表示的字元。請以 Unicode 格式儲存檔案以防止資料遺失
     1>d:\program files\opencv2.4.6\build\include\opencv2\legacy\compat.hpp : warning C4819: 檔案含有無法在目前字碼頁 (950) 中表示的字元。請以 Unicode 格式儲存檔案以防止資料遺失
     1>d:\研究生活\張元翔 數位影像處理\hw\homework3\hw3_filtering in the frequency domain\hw3_part1_fourier series\hw3_part1_fourier series\fourier series.cpp(89): warning C4244: '引數' : 將 'double' 轉換為 'int'，由於型別不同，可能導致資料遺失
     1>d:\研究生活\張元翔 數位影像處理\hw\homework3\hw3_filtering in the frequency domain\hw3_part1_fourier series\hw3_part1_fourier series\fourier series.cpp(89): warning C4244: '引數' : 將 'double' 轉換為 'int'，由於型別不同，可能導致資料遺失
     1>d:\研究生活\張元翔 數位影像處理\hw\homework3\hw3_filtering in the frequency domain\hw3_part1_fourier series\hw3_part1_fourier series\fourier series.cpp(102): warning C4244: '引數' : 將 'double' 轉換為 'int'，由於型別不同，可能導致資料遺失
       Link:
         d:\program files\Microsoft Visual Studio2010\VC\bin\link.exe /ERRORREPORT:PROMPT /OUT:"D:\研究生活\張元翔 數位影像處理\HW\Homework3\HW3_Filtering in the Frequency domain\HW3_Part1_Fourier Series\Debug\HW3_Part1_Fourier Series.exe" /NOLOGO opencv_core246d.lib opencv_calib3d246d.lib opencv_contrib246d.lib opencv_features2d246d.lib opencv_highgui246d.lib opencv_imgproc246d.lib kernel32.lib user32.lib gdi32.lib winspool.lib comdlg32.lib advapi32.lib shell32.lib ole32.lib oleaut32.lib uuid.lib odbc32.lib odbccp32.lib kernel32.lib user32.lib gdi32.lib winspool.lib comdlg32.lib advapi32.lib shell32.lib ole32.lib oleaut32.lib uuid.lib odbc32.lib odbccp32.lib /MANIFEST /ManifestFile:"Debug\HW3_Part1_Fourier Series.exe.intermediate.manifest" /MANIFESTUAC:"level='asInvoker' uiAccess='false'" /DEBUG /PDB:"D:\研究生活\張元翔 數位影像處理\HW\Homework3\HW3_Filtering in the Frequency domain\HW3_Part1_Fourier Series\Debug\HW3_Part1_Fourier Series.pdb" /TLBID:1 /DYNAMICBASE /NXCOMPAT /IMPLIB:"D:\研究生活\張元翔 數位影像處理\HW\Homework3\HW3_Filtering in the Frequency domain\HW3_Part1_Fourier Series\Debug\HW3_Part1_Fourier Series.lib" /MACHINE:X86 "Debug\Fourier Series.obj"
         LINK : 最後的累加連結找不到或未建置 D:\研究生活\張元翔 數位影像處理\HW\Homework3\HW3_Filtering in the Frequency domain\HW3_Part1_Fourier Series\Debug\HW3_Part1_Fourier Series.exe，正在執行完整連結
         HW3_Part1_Fourier Series.vcxproj -> D:\研究生活\張元翔 數位影像處理\HW\Homework3\HW3_Filtering in the Frequency domain\HW3_Part1_Fourier Series\Debug\HW3_Part1_Fourier Series.exe
       Manifest:
         c:\Program Files (x86)\Microsoft SDKs\Windows\v7.0A\bin\mt.exe /nologo /verbose /outputresource:"D:\研究生活\張元翔 數位影像處理\HW\Homework3\HW3_Filtering in the Frequency domain\HW3_Part1_Fourier Series\Debug\HW3_Part1_Fourier Series.exe;#1" /manifest "Debug\HW3_Part1_Fourier Series.exe.intermediate.manifest"
       FinalizeBuildStatus:
         正在刪除檔案 "Debug\HW3_Part1_Fourier Series.unsuccessfulbuild"。
         正在變更時間戳記 "Debug\HW3_Part1_Fourier Series.lastbuildstate"。
     1>專案 "D:\研究生活\張元翔 數位影像處理\HW\Homework3\HW3_Filtering in the Frequency domain\HW3_Part1_Fourier Series\HW3_Part1_Fourier Series\HW3_Part1_Fourier Series.vcxproj" (build 目標) 建置完成。

建置成功。

經過時間 00:00:01.66
