已經開始建置於 2013/10/22 下午 04:01:20。
     1>節點 2 (build 目標) 上的專案 "D:\work\Visual Studio works\OpenCV works\HW1_Digital image fundamental\HW1_Digital image fundamental\HW1_Digital image fundamental.vcxproj"。
     1>InitializeBuildStatus:
         由於指定了 "AlwaysCreate"，因此正在建立 "Debug\HW1_Digital image fundamental.unsuccessfulbuild"。
       ClCompile:
         d:\program files\Microsoft Visual Studio2010\VC\bin\CL.exe /c /ZI /nologo /W3 /WX- /Od /Oy- /D _MBCS /Gm /EHsc /RTC1 /MDd /GS /fp:precise /Zc:wchar_t /Zc:forScope /Fo"Debug\\" /Fd"Debug\vc100.pdb" /Gd /TP /analyze- /errorReport:prompt "HW1_Digital image fundamental.cpp"
         HW1_Digital image fundamental.cpp
     1>d:\program files\opencv2.4.6\build\include\opencv2\flann\dist.h : warning C4819: 檔案含有無法在目前字碼頁 (950) 中表示的字元。請以 Unicode 格式儲存檔案以防止資料遺失
     1>d:\program files\opencv2.4.6\build\include\opencv2\flann\dist.h : warning C4819: 檔案含有無法在目前字碼頁 (950) 中表示的字元。請以 Unicode 格式儲存檔案以防止資料遺失
     1>d:\program files\opencv2.4.6\build\include\opencv2\flann\dist.h : warning C4819: 檔案含有無法在目前字碼頁 (950) 中表示的字元。請以 Unicode 格式儲存檔案以防止資料遺失
     1>d:\program files\opencv2.4.6\build\include\opencv2\flann\dist.h : warning C4819: 檔案含有無法在目前字碼頁 (950) 中表示的字元。請以 Unicode 格式儲存檔案以防止資料遺失
     1>d:\program files\opencv2.4.6\build\include\opencv2\legacy\compat.hpp : warning C4819: 檔案含有無法在目前字碼頁 (950) 中表示的字元。請以 Unicode 格式儲存檔案以防止資料遺失
       Link:
         d:\program files\Microsoft Visual Studio2010\VC\bin\link.exe /ERRORREPORT:PROMPT /OUT:"D:\work\Visual Studio works\OpenCV works\HW1_Digital image fundamental\Debug\HW1_Digital image fundamental.exe" /NOLOGO opencv_calib3d246d.lib opencv_contrib246d.lib opencv_core246d.lib opencv_features2d246d.lib opencv_flann246d.lib opencv_gpu246d.lib opencv_haartraining_engined.lib opencv_highgui246d.lib opencv_imgproc246d.lib opencv_legacy246d.lib opencv_ml246d.lib opencv_nonfree246d.lib opencv_objdetect246d.lib opencv_photo246d.lib opencv_stitching246d.lib opencv_ts246d.lib opencv_video246d.lib opencv_videostab246d.lib kernel32.lib user32.lib gdi32.lib winspool.lib comdlg32.lib advapi32.lib shell32.lib ole32.lib oleaut32.lib uuid.lib odbc32.lib odbccp32.lib kernel32.lib user32.lib gdi32.lib winspool.lib comdlg32.lib advapi32.lib shell32.lib ole32.lib oleaut32.lib uuid.lib odbc32.lib odbccp32.lib /MANIFEST /ManifestFile:"Debug\HW1_Digital image fundamental.exe.intermediate.manifest" /MANIFESTUAC:"level='asInvoker' uiAccess='false'" /DEBUG /PDB:"D:\work\Visual Studio works\OpenCV works\HW1_Digital image fundamental\Debug\HW1_Digital image fundamental.pdb" /TLBID:1 /DYNAMICBASE /NXCOMPAT /IMPLIB:"D:\work\Visual Studio works\OpenCV works\HW1_Digital image fundamental\Debug\HW1_Digital image fundamental.lib" /MACHINE:X86 "Debug\HW1_Digital image fundamental.obj"
         LINK : 最後的累加連結找不到或未建置 D:\work\Visual Studio works\OpenCV works\HW1_Digital image fundamental\Debug\HW1_Digital image fundamental.exe，正在執行完整連結
         HW1_Digital image fundamental.vcxproj -> D:\work\Visual Studio works\OpenCV works\HW1_Digital image fundamental\Debug\HW1_Digital image fundamental.exe
       Manifest:
         c:\Program Files (x86)\Microsoft SDKs\Windows\v7.0A\bin\mt.exe /nologo /verbose /outputresource:"D:\work\Visual Studio works\OpenCV works\HW1_Digital image fundamental\Debug\HW1_Digital image fundamental.exe;#1" /manifest "Debug\HW1_Digital image fundamental.exe.intermediate.manifest"
       FinalizeBuildStatus:
         正在刪除檔案 "Debug\HW1_Digital image fundamental.unsuccessfulbuild"。
         正在變更時間戳記 "Debug\HW1_Digital image fundamental.lastbuildstate"。
     1>專案 "D:\work\Visual Studio works\OpenCV works\HW1_Digital image fundamental\HW1_Digital image fundamental\HW1_Digital image fundamental.vcxproj" (build 目標) 建置完成。

建置成功。

經過時間 00:00:01.32
