已經開始建置於 2014/1/14 下午 02:47:25。
     1>節點 2 (build 目標) 上的專案 "D:\研究生活\張元翔 數位影像處理\HW\Final Project\DIP10179008\DIP10179008\DIP10179008.vcxproj"。
     1>InitializeBuildStatus:
         由於指定了 "AlwaysCreate"，因此正在建立 "Debug\DIP10179008.unsuccessfulbuild"。
       ClCompile:
         d:\program files\Microsoft Visual Studio2010\VC\bin\CL.exe /c /ZI /nologo /W3 /WX- /Od /Oy- /D _MBCS /Gm /EHsc /RTC1 /MDd /GS /fp:precise /Zc:wchar_t /Zc:forScope /Fo"Debug\\" /Fd"Debug\vc100.pdb" /Gd /TP /analyze- /errorReport:prompt DIP10179008.cpp
         DIP10179008.cpp
     1>d:\program files\opencv2.4.6\build\include\opencv2\flann\dist.h : warning C4819: 檔案含有無法在目前字碼頁 (950) 中表示的字元。請以 Unicode 格式儲存檔案以防止資料遺失
     1>d:\program files\opencv2.4.6\build\include\opencv2\flann\dist.h : warning C4819: 檔案含有無法在目前字碼頁 (950) 中表示的字元。請以 Unicode 格式儲存檔案以防止資料遺失
     1>d:\program files\opencv2.4.6\build\include\opencv2\flann\dist.h : warning C4819: 檔案含有無法在目前字碼頁 (950) 中表示的字元。請以 Unicode 格式儲存檔案以防止資料遺失
     1>d:\program files\opencv2.4.6\build\include\opencv2\flann\dist.h : warning C4819: 檔案含有無法在目前字碼頁 (950) 中表示的字元。請以 Unicode 格式儲存檔案以防止資料遺失
     1>d:\program files\opencv2.4.6\build\include\opencv2\legacy\compat.hpp : warning C4819: 檔案含有無法在目前字碼頁 (950) 中表示的字元。請以 Unicode 格式儲存檔案以防止資料遺失
     1>d:\研究生活\張元翔 數位影像處理\hw\final project\dip10179008\dip10179008\dip10179008.cpp(61): warning C4258: 'i' : 已忽略來自 for 迴圈的定義; 使用封閉範圍的定義
                 d:\研究生活\張元翔 數位影像處理\hw\final project\dip10179008\dip10179008\dip10179008.cpp(52) : 已忽略 'i' 的定義
                 d:\研究生活\張元翔 數位影像處理\hw\final project\dip10179008\dip10179008\dip10179008.cpp(33) : 已使用 'i' 的定義
       Link:
         d:\program files\Microsoft Visual Studio2010\VC\bin\link.exe /ERRORREPORT:PROMPT /OUT:"D:\研究生活\張元翔 數位影像處理\HW\Final Project\DIP10179008\Debug\DIP10179008.exe" /NOLOGO opencv_core246d.lib opencv_calib3d246d.lib opencv_contrib246d.lib opencv_features2d246d.lib opencv_highgui246d.lib opencv_imgproc246d.lib kernel32.lib user32.lib gdi32.lib winspool.lib comdlg32.lib advapi32.lib shell32.lib ole32.lib oleaut32.lib uuid.lib odbc32.lib odbccp32.lib kernel32.lib user32.lib gdi32.lib winspool.lib comdlg32.lib advapi32.lib shell32.lib ole32.lib oleaut32.lib uuid.lib odbc32.lib odbccp32.lib /MANIFEST /ManifestFile:"Debug\DIP10179008.exe.intermediate.manifest" /MANIFESTUAC:"level='asInvoker' uiAccess='false'" /DEBUG /PDB:"D:\研究生活\張元翔 數位影像處理\HW\Final Project\DIP10179008\Debug\DIP10179008.pdb" /TLBID:1 /DYNAMICBASE /NXCOMPAT /IMPLIB:"D:\研究生活\張元翔 數位影像處理\HW\Final Project\DIP10179008\Debug\DIP10179008.lib" /MACHINE:X86 Debug\DIP10179008.obj
         LINK : 最後的累加連結找不到或未建置 D:\研究生活\張元翔 數位影像處理\HW\Final Project\DIP10179008\Debug\DIP10179008.exe，正在執行完整連結
         DIP10179008.vcxproj -> D:\研究生活\張元翔 數位影像處理\HW\Final Project\DIP10179008\Debug\DIP10179008.exe
       Manifest:
         c:\Program Files (x86)\Microsoft SDKs\Windows\v7.0A\bin\mt.exe /nologo /verbose /outputresource:"D:\研究生活\張元翔 數位影像處理\HW\Final Project\DIP10179008\Debug\DIP10179008.exe;#1" /manifest Debug\DIP10179008.exe.intermediate.manifest
       FinalizeBuildStatus:
         正在刪除檔案 "Debug\DIP10179008.unsuccessfulbuild"。
         正在變更時間戳記 "Debug\DIP10179008.lastbuildstate"。
     1>專案 "D:\研究生活\張元翔 數位影像處理\HW\Final Project\DIP10179008\DIP10179008\DIP10179008.vcxproj" (build 目標) 建置完成。

建置成功。

經過時間 00:00:01.74
